"./14張蕙蘭_瑜珈.rmvb"
"./34張蕙蘭_瑜珈.rmvb"
"./32張蕙蘭_瑜珈.rmvb"
"./38張蕙蘭_瑜珈.rmvb"
"./35張蕙蘭_瑜珈.rmvb"
"./31張蕙蘭_瑜珈.rmvb"
"./15張蕙蘭_瑜珈.rmvb"
"./39張蕙蘭_瑜珈.rmvb"
"./25張蕙蘭_瑜珈.rmvb"
"./21張蕙蘭_瑜珈.rmvb"
"./19張蕙蘭_瑜珈.rmvb"
"./13張蕙蘭_瑜珈.rmvb"
"./33張蕙蘭_瑜珈.rmvb"
"./29張蕙蘭_瑜珈.rmvb"
"./24張蕙蘭_瑜珈.rmvb"
"./22張蕙蘭_瑜珈.rmvb"
"./20張蕙蘭_瑜珈.rmvb"
"./18張蕙蘭_瑜珈.rmvb"
"./16張蕙蘭_瑜珈.rmvb"
"./40蕙蘭_瑜珈.rmvb"
"./36張蕙蘭_瑜珈.rmvb"
"./30張蕙蘭_瑜珈.rmvb"
"./28張蕙蘭_瑜珈.rmvb"
"./26張蕙蘭_瑜珈.rmvb"
"./23張蕙蘭_瑜珈.rmvb"
"./17張蕙蘭_瑜珈.rmvb"
"./09張蕙蘭_瑜珈.rmvb"
"./08張蕙蘭_瑜珈.rmvb"
"./06張蕙蘭_瑜珈.rmvb"
"./05張蕙蘭_瑜珈.rmvb"
"./04張蕙蘭_瑜珈.rmvb"
"./02張蕙蘭_瑜珈.rmvb"
"./01張蕙蘭_瑜珈.rmvb"
"./37張蕙蘭_瑜珈.rmvb"
"./27張蕙蘭_瑜珈.rmvb"
"./12張蕙蘭_瑜珈.rmvb"
"./11張蕙蘭_瑜珈.rmvb"
"./07張蕙蘭_瑜珈.rmvb"
"./03張蕙蘭_瑜珈.rmvb"
"./10張蕙蘭_瑜珈.rmvb"
"./outputs/蹲功.avi"
"./outputs/开罐头刀和炮弹式.avi"
"./outputs/肩放鬆功.avi"
"./outputs/颈功.avi"
"./部呼吸功.avi"
"./环功.avi"
"./outputs/臂花环功.avi"
"./outputs/腹部呼吸功.avi"
"./outputs/眼镜蛇功.avi"
"./outputs/摇腿功.avi"
"./outputs/手指强壮功.avi"
"./outputs/下躯摇摆功.avi"
"./outputs/摩天功.avi"
"./outputs/膝旋转弯屈功.avi"
"./outputs/肩肘功.avi"
"./outputs/展臂功.avi"
"./outputs/单竖腿功.avi"
"./outputs/半弓第一式.avi"
"./outputs/脚踝功.avi"
"./outputs/肩旋转功.avi"
"./outputs/猫伸展功.avi"
